<?xml version="1.0" encoding="UTF-8"?>
<!-- Generated by org.testng.reporters.JUnitReportReporter -->
<testsuite skipped="0" hostname="Potatos-Mac" name="TestCases.LoginTest" tests="1" failures="0" timestamp="2020-09-15T17:08:53 WIB" time="5.784" errors="0">
  <testcase name="A_AccessLoginPage" time="5.784" classname="TestCases.LoginTest"/>
</testsuite> <!-- TestCases.LoginTest -->
