<?xml version="1.0" encoding="UTF-8"?>
<!-- Generated by org.testng.reporters.JUnitReportReporter -->
<testsuite skipped="0" hostname="Potatos-Mac" name="TestCases.HomePageTest" tests="1" failures="0" timestamp="2020-12-10T17:49:07 WIB" time="20.642" errors="0">
  <testcase name="C_005" time="20.642" classname="TestCases.HomePageTest"/>
</testsuite> <!-- TestCases.HomePageTest -->
