<?xml version="1.0" encoding="UTF-8"?>
<!-- Generated by org.testng.reporters.JUnitReportReporter -->
<testsuite skipped="0" hostname="Potatos-Mac" name="TestCases.HomePageTest" tests="2" failures="0" timestamp="2020-12-06T13:20:06 WIB" time="36.009" errors="0">
  <testcase name="C_001" time="22.255" classname="TestCases.HomePageTest"/>
  <testcase name="C_004" time="13.754" classname="TestCases.HomePageTest"/>
</testsuite> <!-- TestCases.HomePageTest -->
