<?xml version="1.0" encoding="UTF-8"?>
<!-- Generated by org.testng.reporters.JUnitReportReporter -->
<testsuite skipped="11" hostname="Potatos-Mac" name="TestCases.PrayerTest" tests="11" failures="0" timestamp="2020-12-06T11:15:48 WIB" time="0.000" errors="0">
  <testcase name="Prayer_01" time="0.000" classname="TestCases.PrayerTest">
    <skipped/>
  </testcase> <!-- Prayer_01 -->
  <testcase name="Prayer_07" time="0.000" classname="TestCases.PrayerTest">
    <skipped/>
  </testcase> <!-- Prayer_07 -->
  <testcase name="Prayer_06" time="0.000" classname="TestCases.PrayerTest">
    <skipped/>
  </testcase> <!-- Prayer_06 -->
  <testcase name="login" time="0.000" classname="TestCases.PrayerTest">
    <skipped/>
  </testcase> <!-- login -->
  <testcase name="Prayer_02" time="0.000" classname="TestCases.PrayerTest">
    <skipped/>
  </testcase> <!-- Prayer_02 -->
  <testcase name="Prayer_05" time="0.000" classname="TestCases.PrayerTest">
    <skipped/>
  </testcase> <!-- Prayer_05 -->
  <testcase name="Prayer_04" time="0.000" classname="TestCases.PrayerTest">
    <skipped/>
  </testcase> <!-- Prayer_04 -->
  <testcase name="Prayer_10" time="0.000" classname="TestCases.PrayerTest">
    <skipped/>
  </testcase> <!-- Prayer_10 -->
  <testcase name="Prayer_09" time="0.000" classname="TestCases.PrayerTest">
    <skipped/>
  </testcase> <!-- Prayer_09 -->
  <testcase name="Prayer_08" time="0.000" classname="TestCases.PrayerTest">
    <skipped/>
  </testcase> <!-- Prayer_08 -->
  <testcase name="Prayer_03" time="0.000" classname="TestCases.PrayerTest">
    <skipped/>
  </testcase> <!-- Prayer_03 -->
</testsuite> <!-- TestCases.PrayerTest -->
