<?xml version="1.0" encoding="UTF-8"?>
<!-- Generated by org.testng.reporters.JUnitReportReporter -->
<testsuite skipped="0" hostname="Potatos-Mac" name="TestCases.HomePageTest" tests="2" failures="0" timestamp="2020-12-06T13:23:36 WIB" time="35.382" errors="0">
  <testcase name="C_001" time="21.363" classname="TestCases.HomePageTest"/>
  <testcase name="C_004" time="14.019" classname="TestCases.HomePageTest"/>
</testsuite> <!-- TestCases.HomePageTest -->
