<?xml version="1.0" encoding="UTF-8"?>
<!-- Generated by org.testng.reporters.JUnitReportReporter -->
<testsuite skipped="0" hostname="Potatos-Mac" name="TestCases.LaunchWebTest" tests="1" failures="0" timestamp="2020-12-11T14:12:52 WIB" time="13.970" errors="0">
  <testcase name="A_001" time="13.970" classname="TestCases.LaunchWebTest"/>
</testsuite> <!-- TestCases.LaunchWebTest -->
