<?xml version="1.0" encoding="UTF-8"?>
<!-- Generated by org.testng.reporters.JUnitReportReporter -->
<testsuite skipped="0" hostname="Potatos-Mac" name="TestCases.HomePageTest" tests="6" failures="0" timestamp="2020-12-11T14:12:52 WIB" time="148.272" errors="0">
  <testcase name="C_001" time="23.464" classname="TestCases.HomePageTest"/>
  <testcase name="C_006" time="12.987" classname="TestCases.HomePageTest"/>
  <testcase name="C_004" time="13.148" classname="TestCases.HomePageTest"/>
  <testcase name="C_005" time="31.649" classname="TestCases.HomePageTest"/>
  <testcase name="C_007" time="53.134" classname="TestCases.HomePageTest"/>
  <testcase name="C_009" time="13.890" classname="TestCases.HomePageTest"/>
</testsuite> <!-- TestCases.HomePageTest -->
