<?xml version="1.0" encoding="UTF-8"?>
<!-- Generated by org.testng.reporters.JUnitReportReporter -->
<testsuite skipped="0" hostname="Potatos-Mac" name="TestCases.SearchTest" tests="4" failures="0" timestamp="2020-12-06T14:57:56 WIB" time="119.326" errors="0">
  <testcase name="D_003" time="37.197" classname="TestCases.SearchTest"/>
  <testcase name="D_004" time="24.130" classname="TestCases.SearchTest"/>
  <testcase name="D_002" time="37.830" classname="TestCases.SearchTest"/>
  <testcase name="D_001" time="20.169" classname="TestCases.SearchTest"/>
</testsuite> <!-- TestCases.SearchTest -->
