<?xml version="1.0" encoding="UTF-8"?>
<!-- Generated by org.testng.reporters.JUnitReportReporter -->
<testsuite skipped="0" hostname="Potatos-Mac" name="TestCases.SideMenuTest" tests="7" failures="0" timestamp="2020-12-11T14:12:52 WIB" time="312.776" errors="0">
  <testcase name="E_009" time="23.498" classname="TestCases.SideMenuTest"/>
  <testcase name="E_004" time="32.587" classname="TestCases.SideMenuTest"/>
  <testcase name="E_006" time="87.204" classname="TestCases.SideMenuTest"/>
  <testcase name="E_005" time="86.345" classname="TestCases.SideMenuTest"/>
  <testcase name="E_003" time="31.889" classname="TestCases.SideMenuTest"/>
  <testcase name="E_002" time="27.660" classname="TestCases.SideMenuTest"/>
  <testcase name="E_008" time="23.593" classname="TestCases.SideMenuTest"/>
</testsuite> <!-- TestCases.SideMenuTest -->
