<?xml version="1.0" encoding="UTF-8"?>
<!-- Generated by org.testng.reporters.JUnitReportReporter -->
<testsuite skipped="0" hostname="Potatos-Mac" name="TestCases.HomePageTest" tests="6" failures="0" timestamp="2020-12-11T17:42:08 WIB" time="147.733" errors="0">
  <testcase name="C_006" time="12.974" classname="TestCases.HomePageTest"/>
  <testcase name="C_009" time="14.270" classname="TestCases.HomePageTest"/>
  <testcase name="C_005" time="31.507" classname="TestCases.HomePageTest"/>
  <testcase name="C_004" time="13.705" classname="TestCases.HomePageTest"/>
  <testcase name="C_001" time="21.880" classname="TestCases.HomePageTest"/>
  <testcase name="C_007" time="53.397" classname="TestCases.HomePageTest"/>
</testsuite> <!-- TestCases.HomePageTest -->
