<?xml version="1.0" encoding="UTF-8"?>
<!-- Generated by org.testng.reporters.JUnitReportReporter -->
<testsuite skipped="8" hostname="Potatos-Mac" name="TestCases.ProfileTest" tests="8" failures="0" timestamp="2020-12-06T11:15:48 WIB" time="0.000" errors="0">
  <testcase name="Profile_02" time="0.000" classname="TestCases.ProfileTest">
    <skipped/>
  </testcase> <!-- Profile_02 -->
  <testcase name="Profile_01" time="0.000" classname="TestCases.ProfileTest">
    <skipped/>
  </testcase> <!-- Profile_01 -->
  <testcase name="Profile_04" time="0.000" classname="TestCases.ProfileTest">
    <skipped/>
  </testcase> <!-- Profile_04 -->
  <testcase name="login" time="0.000" classname="TestCases.ProfileTest">
    <skipped/>
  </testcase> <!-- login -->
  <testcase name="Profile_05" time="0.000" classname="TestCases.ProfileTest">
    <skipped/>
  </testcase> <!-- Profile_05 -->
  <testcase name="Profile_03" time="0.000" classname="TestCases.ProfileTest">
    <skipped/>
  </testcase> <!-- Profile_03 -->
  <testcase name="Profile_06" time="0.000" classname="TestCases.ProfileTest">
    <skipped/>
  </testcase> <!-- Profile_06 -->
  <testcase name="Profile_07" time="0.000" classname="TestCases.ProfileTest">
    <skipped/>
  </testcase> <!-- Profile_07 -->
</testsuite> <!-- TestCases.ProfileTest -->
