<?xml version="1.0" encoding="UTF-8"?>
<!-- Generated by org.testng.reporters.JUnitReportReporter -->
<testsuite skipped="0" hostname="Potatos-Mac" name="BaseSetting.Helper" tests="1" failures="0" timestamp="2020-09-14T16:53:55 WIB" time="0.006" errors="0">
  <testcase name="LoginHelper" time="0.006" classname="BaseSetting.Helper"/>
</testsuite> <!-- BaseSetting.Helper -->
