<?xml version="1.0" encoding="UTF-8"?>
<!-- Generated by org.testng.reporters.JUnitReportReporter -->
<testsuite skipped="1" hostname="Potatos-Mac" name="TestCases.HomePageTest" tests="1" failures="0" timestamp="2020-12-06T12:58:45 WIB" time="0.000" errors="0">
  <testcase name="C_001" time="0.000" classname="TestCases.HomePageTest">
    <skipped/>
  </testcase> <!-- C_001 -->
</testsuite> <!-- TestCases.HomePageTest -->
