<?xml version="1.0" encoding="UTF-8"?>
<!-- Generated by org.testng.reporters.JUnitReportReporter -->
<testsuite skipped="21" hostname="Potatos-Mac" name="TestCases.MoreTest" tests="21" failures="0" timestamp="2020-12-06T11:15:48 WIB" time="0.000" errors="0">
  <testcase name="More_17" time="0.000" classname="TestCases.MoreTest">
    <skipped/>
  </testcase> <!-- More_17 -->
  <testcase name="More_15" time="0.000" classname="TestCases.MoreTest">
    <skipped/>
  </testcase> <!-- More_15 -->
  <testcase name="More_18" time="0.000" classname="TestCases.MoreTest">
    <skipped/>
  </testcase> <!-- More_18 -->
  <testcase name="More_09" time="0.000" classname="TestCases.MoreTest">
    <skipped/>
  </testcase> <!-- More_09 -->
  <testcase name="More_10" time="0.000" classname="TestCases.MoreTest">
    <skipped/>
  </testcase> <!-- More_10 -->
  <testcase name="More_04" time="0.000" classname="TestCases.MoreTest">
    <skipped/>
  </testcase> <!-- More_04 -->
  <testcase name="More_08" time="0.000" classname="TestCases.MoreTest">
    <skipped/>
  </testcase> <!-- More_08 -->
  <testcase name="login" time="0.000" classname="TestCases.MoreTest">
    <skipped/>
  </testcase> <!-- login -->
  <testcase name="More_05" time="0.000" classname="TestCases.MoreTest">
    <skipped/>
  </testcase> <!-- More_05 -->
  <testcase name="More_13" time="0.000" classname="TestCases.MoreTest">
    <skipped/>
  </testcase> <!-- More_13 -->
  <testcase name="More_03" time="0.000" classname="TestCases.MoreTest">
    <skipped/>
  </testcase> <!-- More_03 -->
  <testcase name="More_06" time="0.000" classname="TestCases.MoreTest">
    <skipped/>
  </testcase> <!-- More_06 -->
  <testcase name="More_19" time="0.000" classname="TestCases.MoreTest">
    <skipped/>
  </testcase> <!-- More_19 -->
  <testcase name="More_11" time="0.000" classname="TestCases.MoreTest">
    <skipped/>
  </testcase> <!-- More_11 -->
  <testcase name="More_01" time="0.000" classname="TestCases.MoreTest">
    <skipped/>
  </testcase> <!-- More_01 -->
  <testcase name="More_16" time="0.000" classname="TestCases.MoreTest">
    <skipped/>
  </testcase> <!-- More_16 -->
  <testcase name="More_14" time="0.000" classname="TestCases.MoreTest">
    <skipped/>
  </testcase> <!-- More_14 -->
  <testcase name="More_02" time="0.000" classname="TestCases.MoreTest">
    <skipped/>
  </testcase> <!-- More_02 -->
  <testcase name="More_12" time="0.000" classname="TestCases.MoreTest">
    <skipped/>
  </testcase> <!-- More_12 -->
  <testcase name="More_20" time="0.000" classname="TestCases.MoreTest">
    <skipped/>
  </testcase> <!-- More_20 -->
  <testcase name="More_07" time="0.000" classname="TestCases.MoreTest">
    <skipped/>
  </testcase> <!-- More_07 -->
</testsuite> <!-- TestCases.MoreTest -->
