<?xml version="1.0" encoding="UTF-8"?>
<!-- Generated by org.testng.reporters.JUnitReportReporter -->
<testsuite skipped="0" hostname="Potatos-Mac" name="TestCases.HomePageTest" tests="1" failures="0" timestamp="2020-12-06T13:03:19 WIB" time="21.944" errors="0">
  <testcase name="C_001" time="21.944" classname="TestCases.HomePageTest"/>
</testsuite> <!-- TestCases.HomePageTest -->
