<?xml version="1.0" encoding="UTF-8"?>
<!-- Generated by org.testng.reporters.JUnitReportReporter -->
<testsuite skipped="0" hostname="Potatos-Mac" name="TestCases.SideMenuTest" tests="2" failures="0" timestamp="2020-12-07T14:19:41 WIB" time="170.901" errors="0">
  <testcase name="E_006" time="84.288" classname="TestCases.SideMenuTest"/>
  <testcase name="E_005" time="86.613" classname="TestCases.SideMenuTest"/>
</testsuite> <!-- TestCases.SideMenuTest -->
