<?xml version="1.0" encoding="UTF-8"?>
<!-- Generated by org.testng.reporters.JUnitReportReporter -->
<testsuite skipped="0" hostname="Potatos-Mac" name="TestCases.ScheduleTest" tests="1" failures="0" timestamp="2020-12-08T03:03:20 WIB" time="58.404" errors="0">
  <testcase name="F_004" time="58.404" classname="TestCases.ScheduleTest"/>
</testsuite> <!-- TestCases.ScheduleTest -->
