<?xml version="1.0" encoding="UTF-8"?>
<!-- Generated by org.testng.reporters.JUnitReportReporter -->
<testsuite skipped="0" hostname="Potatos-Mac" name="TestCases.WinnerListTest" tests="3" failures="0" timestamp="2020-12-11T17:42:08 WIB" time="109.851" errors="0">
  <testcase name="G_001" time="31.073" classname="TestCases.WinnerListTest"/>
  <testcase name="G_003" time="44.024" classname="TestCases.WinnerListTest"/>
  <testcase name="G_002" time="34.754" classname="TestCases.WinnerListTest"/>
</testsuite> <!-- TestCases.WinnerListTest -->
