<?xml version="1.0" encoding="UTF-8"?>
<!-- Generated by org.testng.reporters.JUnitReportReporter -->
<testsuite skipped="0" hostname="Potatos-Mac" name="TestCases.SideMenuTest" tests="7" failures="0" timestamp="2020-12-11T17:42:08 WIB" time="309.135" errors="0">
  <testcase name="E_003" time="31.347" classname="TestCases.SideMenuTest"/>
  <testcase name="E_002" time="28.303" classname="TestCases.SideMenuTest"/>
  <testcase name="E_006" time="85.112" classname="TestCases.SideMenuTest"/>
  <testcase name="E_005" time="85.354" classname="TestCases.SideMenuTest"/>
  <testcase name="E_008" time="23.402" classname="TestCases.SideMenuTest"/>
  <testcase name="E_004" time="32.440" classname="TestCases.SideMenuTest"/>
  <testcase name="E_009" time="23.177" classname="TestCases.SideMenuTest"/>
</testsuite> <!-- TestCases.SideMenuTest -->
