<?xml version="1.0" encoding="UTF-8"?>
<!-- Generated by org.testng.reporters.JUnitReportReporter -->
<testsuite skipped="11" hostname="Potatos-Mac" name="TestCases.PlanTest" tests="11" failures="0" timestamp="2020-12-06T11:15:48 WIB" time="0.000" errors="0">
  <testcase name="Plan_10" time="0.000" classname="TestCases.PlanTest">
    <skipped/>
  </testcase> <!-- Plan_10 -->
  <testcase name="Plan_06" time="0.000" classname="TestCases.PlanTest">
    <skipped/>
  </testcase> <!-- Plan_06 -->
  <testcase name="Plan_12" time="0.000" classname="TestCases.PlanTest">
    <skipped/>
  </testcase> <!-- Plan_12 -->
  <testcase name="Plan_09" time="0.000" classname="TestCases.PlanTest">
    <skipped/>
  </testcase> <!-- Plan_09 -->
  <testcase name="Plan_07" time="0.000" classname="TestCases.PlanTest">
    <skipped/>
  </testcase> <!-- Plan_07 -->
  <testcase name="Plan_02" time="0.000" classname="TestCases.PlanTest">
    <skipped/>
  </testcase> <!-- Plan_02 -->
  <testcase name="Plan_08" time="0.000" classname="TestCases.PlanTest">
    <skipped/>
  </testcase> <!-- Plan_08 -->
  <testcase name="Plan_05" time="0.000" classname="TestCases.PlanTest">
    <skipped/>
  </testcase> <!-- Plan_05 -->
  <testcase name="Plan_03" time="0.000" classname="TestCases.PlanTest">
    <skipped/>
  </testcase> <!-- Plan_03 -->
  <testcase name="Plan_01" time="0.000" classname="TestCases.PlanTest">
    <skipped/>
  </testcase> <!-- Plan_01 -->
  <testcase name="login" time="0.000" classname="TestCases.PlanTest">
    <skipped/>
  </testcase> <!-- login -->
</testsuite> <!-- TestCases.PlanTest -->
